[04:29:53] [main/INFO]: Loading Minecraft 1.21.11 with Fabric Loader 0.18.2
[04:29:53] [main/INFO]: Loading 49 mods:
	- fabricloader 0.18.2
	   \-- mixinextras 0.5.0
	- java 21
	- minecraft 1.21.11
	- skinsrestorer 15.11.0
	   |-- cloud 2.0.0-beta.15
	   |    |-- io_leangen_geantyref_geantyref 1.3.15
	   |    |-- org_incendo_cloud-brigadier 2.0.0-beta.14
	   |    |-- org_incendo_cloud-core 2.0.0
	   |    |-- org_incendo_cloud-minecraft-modded-common-fabric-repack 2.0.0-beta.15
	   |    \-- org_incendo_cloud-services 2.0.0
	   |-- fabric-api 0.140.2+1.21.11
	   |    |-- fabric-api-base 1.0.5+4ebb5c083e
	   |    |-- fabric-api-lookup-api-v1 1.6.113+1fb1cde93e
	   |    |-- fabric-biome-api-v1 17.1.1+4fc5413f3e
	   |    |-- fabric-block-api-v1 1.1.10+4ebb5c083e
	   |    |-- fabric-block-view-api-v2 1.0.39+4ebb5c083e
	   |    |-- fabric-command-api-v2 2.4.7+6b42a6003e
	   |    |-- fabric-content-registries-v0 10.2.14+4fc5413f3e
	   |    |-- fabric-convention-tags-v1 2.1.55+7f945d5b3e
	   |    |-- fabric-convention-tags-v2 2.17.3+8ef948ba3e
	   |    |-- fabric-crash-report-info-v1 0.3.23+4ebb5c083e
	   |    |-- fabric-data-attachment-api-v1 1.8.44+1fb1cde93e
	   |    |-- fabric-data-generation-api-v1 23.4.0+69974c4e3e
	   |    |-- fabric-dimensions-v1 4.0.28+4fc5413f3e
	   |    |-- fabric-entity-events-v1 3.0.5+4ebb5c083e
	   |    |-- fabric-events-interaction-v0 4.0.44+1fb1cde93e
	   |    |-- fabric-game-rule-api-v1 2.0.3+4fc5413f3e
	   |    |-- fabric-item-api-v1 11.5.20+d0c46b9e3e
	   |    |-- fabric-item-group-api-v1 4.2.36+4fc5413f3e
	   |    |-- fabric-key-binding-api-v1 1.1.7+4fc5413f3e
	   |    |-- fabric-lifecycle-events-v1 2.6.15+4ebb5c083e
	   |    |-- fabric-loot-api-v2 3.0.73+3f89f5a53e
	   |    |-- fabric-loot-api-v3 2.0.20+78c8b4663e
	   |    |-- fabric-message-api-v1 6.1.12+4ebb5c083e
	   |    |-- fabric-model-loading-api-v1 6.0.13+4fc5413f3e
	   |    |-- fabric-networking-api-v1 5.1.5+ae1e07683e
	   |    |-- fabric-object-builder-api-v1 21.1.39+4fc5413f3e
	   |    |-- fabric-particles-v1 4.2.11+4fc5413f3e
	   |    |-- fabric-recipe-api-v1 8.2.3+4ebb5c083e
	   |    |-- fabric-registry-sync-v0 6.2.5+1718722b3e
	   |    |-- fabric-renderer-api-v1 8.0.1+f4ffd2e53e
	   |    |-- fabric-renderer-indigo 5.0.1+f4ffd2e53e
	   |    |-- fabric-rendering-fluids-v1 3.1.43+4ebb5c083e
	   |    |-- fabric-rendering-v1 16.2.8+f4ffd2e53e
	   |    |-- fabric-resource-conditions-api-v1 5.0.35+4fc5413f3e
	   |    |-- fabric-resource-loader-v0 3.3.4+4fc5413f3e
	   |    |-- fabric-resource-loader-v1 1.0.10+78c8b4663e
	   |    |-- fabric-screen-api-v1 3.1.7+4ebb5c083e
	   |    |-- fabric-screen-handler-api-v1 1.3.161+4fc5413f3e
	   |    |-- fabric-serialization-api-v1 1.0.5+4ebb5c083e
	   |    |-- fabric-sound-api-v1 1.0.51+4fc5413f3e
	   |    |-- fabric-tag-api-v1 1.2.20+4fc5413f3e
	   |    |-- fabric-transfer-api-v1 6.0.24+4fc5413f3e
	   |    \-- fabric-transitive-access-wideners-v1 7.1.0+014c8cec3e
	   \-- fabric-permissions-api-v0 0.6.1
[04:29:53] [main/INFO]: SpongePowered MIXIN Subsystem Version=0.8.7 Source=file:/workspaces/mc-server/servidor_minecraft/libraries/net/fabricmc/sponge-mixin/0.16.5+mixin.0.8.7/sponge-mixin-0.16.5+mixin.0.8.7.jar Service=Knot/Fabric Env=SERVER
[04:29:54] [main/INFO]: Compatibility level set to JAVA_21
[04:29:54] [main/INFO]: Initializing MixinExtras via com.llamalad7.mixinextras.service.MixinExtrasServiceImpl(version=0.5.0).
[04:30:02] [main/INFO]: [33;1m[[32;22mSkinsRestorer[33;1m] [0;39m[32;1mRunning on Minecraft [33;1m1.21.11[32;1m.[0;39m
[04:30:03] [main/INFO]: Environment: Environment[sessionHost=https://sessionserver.mojang.com, servicesHost=https://api.minecraftservices.com, profilesHost=https://api.mojang.com, name=PROD]
[04:30:04] [SkinsRestorer-Async/INFO]: [33;1m[[32;22mSkinsRestorer[33;1m] [0;39m[32;1m----------------------------------------------[0;39m
[04:30:04] [SkinsRestorer-Async/INFO]: [33;1m[[32;22mSkinsRestorer[33;1m] [0;39m[32;1m    +==================+[0;39m
[04:30:04] [SkinsRestorer-Async/INFO]: [33;1m[[32;22mSkinsRestorer[33;1m] [0;39m[32;1m    |   SkinsRestorer  |[0;39m
[04:30:04] [SkinsRestorer-Async/INFO]: [33;1m[[32;22mSkinsRestorer[33;1m] [0;39m[32;1m    |------------------|[0;39m
[04:30:04] [SkinsRestorer-Async/INFO]: [33;1m[[32;22mSkinsRestorer[33;1m] [0;39m[32;1m    |  [34;1m[4m[21mStandalone Mode[0;39m[32;1m |[0;39m
[04:30:04] [SkinsRestorer-Async/INFO]: [33;1m[[32;22mSkinsRestorer[33;1m] [0;39m[32;1m    +==================+[0;39m
[04:30:04] [SkinsRestorer-Async/INFO]: [33;1m[[32;22mSkinsRestorer[33;1m] [0;39m[32;1m----------------------------------------------[0;39m
[04:30:04] [SkinsRestorer-Async/INFO]: [33;1m[[32;22mSkinsRestorer[33;1m] [0;39m[36;1m    Version: [31;1m15.11.0[0;39m
[04:30:04] [SkinsRestorer-Async/INFO]: [33;1m[[32;22mSkinsRestorer[33;1m] [0;39m[36;1m    Commit: [31;1m52f31ab[0;39m
[04:30:04] [SkinsRestorer-Async/INFO]: [33;1m[[32;22mSkinsRestorer[33;1m] [0;39m[36;1m    A new version ([32;1m15.12.2[36;1m) is available![0;39m
[04:30:04] [SkinsRestorer-Async/INFO]: [33;1m[[32;22mSkinsRestorer[33;1m] [0;39m[33;1m    https://modrinth.com/plugin/skinsrestorer/version/15.12.2[0;39m
[04:30:04] [SkinsRestorer-Async/INFO]: [33;1m[[32;22mSkinsRestorer[33;1m] [0;39m[32;1m----------------------------------------------[0;39m
[04:30:04] [SkinsRestorer-Async/INFO]: [33;1m[[32;22mSkinsRestorer[33;1m] [0;39m[34;1mDo you have issues? Read our troubleshooting guide: [33;1mhttps://skinsrestorer.net/docs/troubleshooting[0;39m
[04:30:04] [SkinsRestorer-Async/INFO]: [33;1m[[32;22mSkinsRestorer[33;1m] [0;39m[34;1mWant to support SkinsRestorer? Consider donating: [33;1mhttps://skinsrestorer.net/donate[0;39m
[04:30:06] [main/INFO]: Loaded 1470 recipes
[04:30:06] [main/INFO]: Loaded 1584 advancements
[04:30:06] [main/INFO]: Applied 0 biome modifications to 0 of 65 new biomes in 1.633 ms
[04:30:06] [Server thread/INFO]: Starting minecraft server version 1.21.11
[04:30:06] [Server thread/INFO]: Loading properties
[04:30:06] [Server thread/INFO]: Default game type: SURVIVAL
[04:30:06] [Server thread/INFO]: Generating keypair
[04:30:06] [Server thread/INFO]: Starting Minecraft server on *:25565
[04:30:06] [Server thread/WARN]: **** SERVER IS RUNNING IN OFFLINE/INSECURE MODE!
[04:30:06] [Server thread/WARN]: The server will make no attempt to authenticate usernames. Beware.
[04:30:06] [Server thread/WARN]: While this makes the game possible to play without internet access, it also opens up the ability for hackers to connect with any username they choose.
[04:30:06] [Server thread/WARN]: To change this, set "online-mode" to "true" in the server.properties file.
[04:30:06] [Server thread/INFO]: Preparing level "world"
[04:30:07] [Server thread/INFO]: Loading 0 persistent chunks...
[04:30:07] [Server thread/INFO]: Preparing spawn area: 100%
[04:30:07] [Server thread/INFO]: Time elapsed: 159 ms
[04:30:07] [Server thread/INFO]: Done (0.816s)! For help, type "help"
[04:31:07] [Server thread/INFO]: Server empty for 60 seconds, pausing
[04:31:41] [Server thread/INFO]: Il_Duko_lI[/10.147.19.234:45946] logged in with entity id 63 at (-111.89207303817417, 75.0, -153.1532621658639)
[04:31:41] [Server thread/INFO]: Il_Duko_lI joined the game
[04:31:44] [Server thread/INFO]: Il_Suki_lI[/10.147.19.30:54969] logged in with entity id 246 at (-123.70066746520557, 73.0, -145.65211482521318)
[04:31:44] [Server thread/INFO]: Il_Suki_lI joined the game
[04:41:23] [Server thread/INFO]: Il_Duko_lI has made the advancement [Acquire Hardware]
[04:42:48] [Server thread/INFO]: Il_Duko_lI was slain by Iron Golem
[04:43:07] [Server thread/INFO]: Il_Duko_lI lost connection: Disconnected
[04:43:07] [Server thread/INFO]: Il_Duko_lI left the game
[04:43:29] [Server thread/INFO]: Il_Duko_lI[/10.147.19.234:33214] logged in with entity id 3756 at (-506.42665487134497, 63.9375, -421.19700993558854)
[04:43:29] [Server thread/INFO]: Il_Duko_lI joined the game
[04:44:52] [Server thread/INFO]: Il_Duko_lI has made the advancement [Isn't It Iron Pick]
[04:47:04] [Server thread/INFO]: Il_Suki_lI has made the advancement [Diamonds!]
[04:47:05] [Server thread/INFO]: Il_Suki_lI has made the advancement [Suit Up]
[04:47:07] [Server thread/INFO]: Il_Duko_lI has made the advancement [Ice Bucket Challenge]
[04:47:08] [Server thread/INFO]: Il_Duko_lI has made the advancement [Suit Up]
[04:48:26] [Server thread/INFO]: Il_Suki_lI has made the advancement [What a Deal!]
